\BOOKMARK [0][-]{section*.2}{Approximate Likelihood Approaches for Detecting the Influence of Primordial Gravitational Waves in Cosmic Microwave Background Polarization}{}% 2
\BOOKMARK [1][-]{section*.1}{Abstract}{section*.2}% 1
\BOOKMARK [1][-]{section*.3}{Introduction}{section*.2}% 3
\BOOKMARK [1][-]{section*.4}{Quadratic Delenser}{section*.2}% 4
\BOOKMARK [1][-]{section*.5}{Gaussian Likelihood Delenser}{section*.2}% 5
\BOOKMARK [2][-]{section*.6}{Comparison with the Quadratic Delenser}{section*.5}% 6
\BOOKMARK [2][-]{section*.7}{Covariance Decomposition}{section*.5}% 7
\BOOKMARK [2][-]{section*.8}{Data Compression}{section*.5}% 8
\BOOKMARK [3][-]{section*.9}{idea}{section*.8}% 9
\BOOKMARK [3][-]{section*.10}{projection matrix}{section*.8}% 10
\BOOKMARK [1][-]{section*.11}{Simulations}{section*.2}% 11
\BOOKMARK [2][-]{section*.12}{Two Surveys}{section*.11}% 12
\BOOKMARK [2][-]{section*.13}{r Constraints}{section*.11}% 13
\BOOKMARK [2][-]{section*.14}{Bias Analysis for the Quadratic Delenser}{section*.11}% 14
\BOOKMARK [2][-]{section*.15}{Non-stationary Noise }{section*.11}% 15
\BOOKMARK [1][-]{section*.16}{Summary and Conclusions}{section*.2}% 16
\BOOKMARK [1][-]{section*.17}{Acknowledgments}{section*.2}% 17
\BOOKMARK [1][-]{section*.18}{References}{section*.2}% 18
\BOOKMARK [1][-]{section*.19}{Signal Covariance Matrix}{section*.2}% 19
\BOOKMARK [1][-]{section*.20}{Noise Covariance Matrix}{section*.2}% 20
\BOOKMARK [1][-]{section*.21}{Inverse of Covariance Matrix}{section*.2}% 21
